Drill Listing
=============
Drill: .01378  Tool: 1  Feed: 95  Speed: 300
X 1583222  Y 1401291
X 1584630  Y 1386607
X 1599919  Y 1398073
X 1600522  Y 1381577
X 1606960  Y 1388417
X 1640794  Y 1390725
X 1641580  Y 1400729
X 1649384  Y 1390306
X 1649803  Y 1400467
X 1659073  Y 1400257
X 1659073  Y 1390306
X 1669705  Y 1390306
X 1674419  Y 1400571
X 1678923  Y 1390725
X 1686306  Y 1397197
X 1686853  Y 1406324
X 1691061  Y 1401514
X 1691498  Y 1394191
X 1790841  Y 1399961
X 1810088  Y 1404172
X 1830505  Y 1405029
X 1838540  Y 1404633
X 1856209  Y 1402849
X 1868741  Y 1402849
X 1883352  Y 1391890
X 1921073  Y 1403332
X 1928861  Y 1404630
X 1938564  Y 1381470
X 1950886  Y 1402214
X 1953830  Y 1404409
X 1993538  Y 1386094
X 1995277  Y 1396781
X 2001862  Y 1403784
X 2014588  Y 1419519
X 2014498  Y 1423806
X 2014448  Y 1427771
X 2013447  Y 1409139
X 2001465  Y 1412483
X 1996899  Y 1427862
X 1996897  Y 1424247
X 1989250  Y 1419670
X 1984153  Y 1429308
X 1981279  Y 1428241
X 1978081  Y 1425578
X 1973526  Y 1411699
X 1968840  Y 1415447
X 1964794  Y 1416909
X 1962203  Y 1413573
X 1959527  Y 1417220
X 1955487  Y 1415213
X 1951507  Y 1416912
X 1951146  Y 1410114
X 1949396  Y 1407187
X 1943570  Y 1416473
X 1941679  Y 1413202
X 1929145  Y 1410275
X 1927279  Y 1415638
X 1925321  Y 1425377
X 1923499  Y 1407386
X 1919253  Y 1429488
X 1914859  Y 1418168
X 1910052  Y 1423219
X 1906239  Y 1425865
X 1901833  Y 1429335
X 1901453  Y 1426255
X 1898505  Y 1425552
X 1897775  Y 1420630
X 1891870  Y 1412642
X 1891801  Y 1421539
X 1889051  Y 1408206
X 1886568  Y 1417091
X 1884476  Y 1409777
X 1870844  Y 1410331
X 1869821  Y 1422586
X 1868617  Y 1417876
X 1867875  Y 1406801
X 1853872  Y 1406644
X 1852723  Y 1424433
X 1852448  Y 1418289
X 1851800  Y 1412056
X 1844666  Y 1414145
X 1844377  Y 1407119
X 1834634  Y 1412835
X 1827501  Y 1431187
X 1827284  Y 1412704
X 1826968  Y 1423899
X 1822952  Y 1426224
X 1817903  Y 1424966
X 1816520  Y 1411194
X 1807332  Y 1416248
X 1797684  Y 1408766
X 1792823  Y 1413500
X 1785409  Y 1423251
X 1781607  Y 1424424
X 1776329  Y 1421865
X 1773342  Y 1421595
X 1769680  Y 1421681
X 1762769  Y 1414857
X 1761999  Y 1421865
X 1760281  Y 1408293
X 1737833  Y 1423818
X 1736459  Y 1413485
X 1734271  Y 1430308
X 1732234  Y 1419644
X 1731936  Y 1426308
X 1731827  Y 1413179
X 1729050  Y 1427760
X 1726432  Y 1418728
X 1725912  Y 1427028
X 1720360  Y 1429717
X 1709556  Y 1429160
X 1691657  Y 1416455
X 1691443  Y 1409712
X 1690624  Y 1425015
X 1687782  Y 1414685
X 1681154  Y 1417695
X 1678925  Y 1420879
X 1675735  Y 1422703
X 1669432  Y 1415942
X 1662195  Y 1418192
X 1659283  Y 1407799
X 1650012  Y 1408009
X 1649579  Y 1418290
X 1641161  Y 1408428
X 1640875  Y 1417312
X 1640642  Y 1424312
X 1610215  Y 1426702
X 1608368  Y 1414568
X 1600383  Y 1425407
X 1596700  Y 1412154
X 1586240  Y 1424425
X 1581412  Y 1416781
X 1606689  Y 1450401
X 1606713  Y 1456316
X 1615411  Y 1450368
X 1615418  Y 1456362
X 1616722  Y 1439632
X 1618984  Y 1447894
X 1625789  Y 1448832
X 1637475  Y 1436288
X 1637767  Y 1442482
X 1637817  Y 1447580
X 1641458  Y 1453682
X 1642086  Y 1442407
X 1642491  Y 1437567
X 1650559  Y 1435896
X 1651926  Y 1454670
X 1653197  Y 1441174
X 1658087  Y 1438240
X 1661917  Y 1442005
X 1663662  Y 1448900
X 1667867  Y 1434915
X 1671327  Y 1444663
X 1672939  Y 1456294
X 1675735  Y 1450989
X 1683533  Y 1451122
X 1689136  Y 1452011
X 1689276  Y 1446273
X 1689299  Y 1435134
X 1692786  Y 1439978
X 1693968  Y 1431727
X 1710391  Y 1431757
X 1714935  Y 1444694
X 1717114  Y 1439826
X 1725044  Y 1439965
X 1726991  Y 1445529
X 1740578  Y 1450085
X 1744615  Y 1445966
X 1745156  Y 1455403
X 1747738  Y 1446257
X 1748602  Y 1443358
X 1748846  Y 1449238
X 1753810  Y 1441262
X 1756697  Y 1455294
X 1757961  Y 1443654
X 1758031  Y 1449423
X 1763988  Y 1454795
X 1764644  Y 1449493
X 1771979  Y 1439899
X 1776250  Y 1439913
X 1779212  Y 1439859
X 1779433  Y 1451745
X 1781989  Y 1442048
X 1785486  Y 1440963
X 1790183  Y 1443812
X 1792380  Y 1435746
X 1794333  Y 1452659
X 1811025  Y 1452033
X 1815099  Y 1448623
X 1818502  Y 1453279
X 1825391  Y 1453897
X 1829314  Y 1437394
X 1835326  Y 1453897
X 1841441  Y 1434604
X 1844853  Y 1455624
X 1844972  Y 1451468
X 1846005  Y 1437412
X 1848264  Y 1448508
X 1848408  Y 1435045
X 1853375  Y 1432928
X 1855674  Y 1446554
X 1866273  Y 1437606
X 1890231  Y 1448754
X 1890336  Y 1453725
X 1908687  Y 1452233
X 1912001  Y 1454651
X 1917313  Y 1453536
X 1921968  Y 1453928
X 1935034  Y 1453255
X 1941371  Y 1453872
X 1968450  Y 1432002
X 1970246  Y 1440279
X 1977196  Y 1440201
X 1980397  Y 1442778
X 1999305  Y 1451144
X 1999373  Y 1441529
X 2009777  Y 1451276
X 2009837  Y 1441450
X 2014716  Y 1431760
X 2009777  Y 1460891
X 2009713  Y 1478819
X 2009645  Y 1469848
X 1999180  Y 1469836
X 1999173  Y 1461023
X 1999093  Y 1478876
X 1996159  Y 1474154
X 1986517  Y 1477865
X 1986084  Y 1474154
X 1977689  Y 1477677
X 1973932  Y 1478194
X 1925152  Y 1462218
X 1919023  Y 1462101
X 1918238  Y 1465190
X 1903587  Y 1470546
X 1901794  Y 1463967
X 1900834  Y 1478294
X 1900428  Y 1466674
X 1898845  Y 1469234
X 1895596  Y 1475173
X 1874716  Y 1479587
X 1874527  Y 1475345
X 1873423  Y 1457163
X 1872296  Y 1463664
X 1864734  Y 1475478
X 1863204  Y 1472124
X 1862077  Y 1479955
X 1853806  Y 1472215
X 1851297  Y 1473812
X 1827657  Y 1473854
X 1826300  Y 1468588
X 1825407  Y 1460582
X 1819624  Y 1472285
X 1819164  Y 1457692
X 1814951  Y 1477083
X 1811586  Y 1476522
X 1811274  Y 1458015
X 1811212  Y 1471288
X 1794034  Y 1459676
X 1789267  Y 1481222
X 1783302  Y 1481331
X 1782370  Y 1459323
X 1768708  Y 1457251
X 1756694  Y 1466518
X 1756407  Y 1473961
X 1756407  Y 1470003
X 1756011  Y 1478446
X 1745327  Y 1463276
X 1743216  Y 1476995
X 1743216  Y 1470795
X 1713536  Y 1476071
X 1701005  Y 1476731
X 1690303  Y 1465871
X 1689081  Y 1457581
X 1685550  Y 1475721
X 1682409  Y 1476133
X 1678925  Y 1476064
X 1672158  Y 1465624
X 1665228  Y 1456556
X 1661419  Y 1474512
X 1658693  Y 1460782
X 1656209  Y 1465887
X 1651810  Y 1462524
X 1647718  Y 1478585
X 1641670  Y 1475746
X 1639639  Y 1460385
X 1635869  Y 1479449
X 1624537  Y 1456499
X 1624394  Y 1461565
X 1617411  Y 1460483
X 1595085  Y 1479519
X 1592491  Y 1487331
X 1607008  Y 1503910
X 1608747  Y 1494113
X 1609937  Y 1487705
X 1612776  Y 1484958
X 1613691  Y 1492923
X 1616346  Y 1503543
X 1637226  Y 1491299
X 1639695  Y 1485497
X 1646361  Y 1488953
X 1664595  Y 1493656
X 1675856  Y 1484867
X 1676222  Y 1496769
X 1685743  Y 1499240
X 1711030  Y 1484909
X 1715911  Y 1492692
X 1733789  Y 1492527
X 1733851  Y 1484777
X 1734525  Y 1498237
X 1745063  Y 1482271
X 1746240  Y 1492526
X 1746256  Y 1503896
X 1754338  Y 1490073
X 1755076  Y 1482911
X 1755146  Y 1497184
X 1774510  Y 1504464
X 1778760  Y 1498846
X 1792644  Y 1498846
X 1811212  Y 1499080
X 1811233  Y 1503783
X 1815758  Y 1497235
X 1817880  Y 1492238
X 1846422  Y 1489808
X 1869570  Y 1503513
X 1869760  Y 1497233
X 1872974  Y 1492893
X 1873876  Y 1505471
X 1874144  Y 1498593
X 1878456  Y 1483952
X 1889239  Y 1500022
X 1893522  Y 1487132
X 1893705  Y 1504667
X 1894293  Y 1496877
X 1895110  Y 1490427
X 1895241  Y 1483571
X 1903495  Y 1497870
X 1909719  Y 1497689
X 1916124  Y 1498681
X 1973932  Y 1486270
X 1974073  Y 1502423
X 1974073  Y 1494394
X 1986551  Y 1497476
X 1986564  Y 1488289
X 1999153  Y 1490502
X 1999368  Y 1502946
X 2009574  Y 1502807
X 2009665  Y 1490216
X 2009640  Y 1524847
X 2009640  Y 1513563
X 1999214  Y 1524913
X 1999148  Y 1513563
X 1986680  Y 1507631
X 1986551  Y 1517336
X 1986423  Y 1526463
X 1977103  Y 1526398
X 1977057  Y 1517598
X 1967848  Y 1526527
X 1967689  Y 1518044
X 1949623  Y 1522579
X 1948433  Y 1526594
X 1944269  Y 1522654
X 1940032  Y 1523918
X 1937685  Y 1518719
X 1936091  Y 1523249
X 1935096  Y 1512846
X 1934980  Y 1509655
X 1934980  Y 1515892
X 1925826  Y 1527607
X 1925336  Y 1523376
X 1913627  Y 1527907
X 1912550  Y 1523557
X 1908258  Y 1523336
X 1887989  Y 1528427
X 1886917  Y 1506989
X 1885074  Y 1526143
X 1878620  Y 1526789
X 1872975  Y 1511331
X 1870839  Y 1526551
X 1866843  Y 1529289
X 1855067  Y 1528423
X 1854731  Y 1517937
X 1849522  Y 1519358
X 1846772  Y 1528351
X 1843507  Y 1517083
X 1835733  Y 1528408
X 1834575  Y 1516993
X 1824793  Y 1514031
X 1815749  Y 1508299
X 1792644  Y 1512848
X 1778760  Y 1514391
X 1777811  Y 1527800
X 1772843  Y 1513467
X 1770725  Y 1524099
X 1753663  Y 1517830
X 1748252  Y 1521023
X 1739413  Y 1512131
X 1736559  Y 1509843
X 1735478  Y 1530249
X 1733495  Y 1510007
X 1717500  Y 1509196
X 1716317  Y 1525518
X 1697012  Y 1511997
X 1695227  Y 1527073
X 1685507  Y 1530445
X 1679793  Y 1508213
X 1679159  Y 1518741
X 1667257  Y 1525486
X 1664320  Y 1506473
X 1655355  Y 1522709
X 1652143  Y 1510410
X 1635115  Y 1509586
X 1617353  Y 1511692
X 1615797  Y 1507572
X 1609937  Y 1507022
X 1606458  Y 1512882
X 1595097  Y 1507514
X 1595018  Y 1528876
X 1595867  Y 1549876
X 1597730  Y 1533766
X 1606747  Y 1536878
X 1614350  Y 1552035
X 1616771  Y 1548399
X 1633471  Y 1547717
X 1634266  Y 1552034
X 1637444  Y 1549034
X 1653570  Y 1535404
X 1663488  Y 1542545
X 1676102  Y 1545625
X 1688403  Y 1556034
X 1695263  Y 1542787
X 1716553  Y 1546808
X 1735715  Y 1548701
X 1752037  Y 1539948
X 1770064  Y 1551976
X 1771777  Y 1535726
X 1776651  Y 1555700
X 1777474  Y 1534356
X 1778380  Y 1544457
X 1785257  Y 1553973
X 1814917  Y 1542170
X 1835762  Y 1533174
X 1836164  Y 1554425
X 1852780  Y 1556275
X 1854762  Y 1538407
X 1857024  Y 1556182
X 1862495  Y 1531572
X 1899363  Y 1554488
X 1902210  Y 1555176
X 1903470  Y 1551883
X 1907265  Y 1539863
X 1909425  Y 1543102
X 1911158  Y 1538088
X 1919339  Y 1539765
X 1923337  Y 1541560
X 1930188  Y 1542424
X 1930198  Y 1531851
X 1949434  Y 1554178
X 1951266  Y 1542103
X 1951351  Y 1547950
X 1955608  Y 1541690
X 1957428  Y 1552595
X 1998349  Y 1552585
X 2003975  Y 1539586
X 2006174  Y 1550579
X 2007949  Y 1540468
X 2015447  Y 1537780
X 2015695  Y 1562179
X 2014952  Y 1567316
X 2011700  Y 1564239
X 2006938  Y 1556698
X 2003859  Y 1563292
X 1986597  Y 1577863
X 1981693  Y 1577393
X 1980580  Y 1563303
X 1973167  Y 1565919
X 1969503  Y 1564754
X 1967421  Y 1568501
X 1961592  Y 1564754
X 1956929  Y 1565087
X 1955263  Y 1559424
X 1944354  Y 1575330
X 1936924  Y 1561582
X 1932529  Y 1565336
X 1931696  Y 1575413
X 1929080  Y 1556615
X 1917040  Y 1565670
X 1916706  Y 1575579
X 1904075  Y 1557875
X 1901134  Y 1565836
X 1900801  Y 1575413
X 1899069  Y 1558169
X 1895437  Y 1557188
X 1885228  Y 1575746
X 1884895  Y 1566419
X 1869989  Y 1575663
X 1869406  Y 1565670
X 1863859  Y 1574064
X 1854570  Y 1562324
X 1851142  Y 1569084
X 1847720  Y 1563131
X 1845844  Y 1575866
X 1841422  Y 1561769
X 1837366  Y 1573217
X 1836010  Y 1560357
X 1833234  Y 1565269
X 1825843  Y 1573066
X 1817937  Y 1563225
X 1802987  Y 1576849
X 1793378  Y 1566248
X 1761972  Y 1558400
X 1748707  Y 1567436
X 1746470  Y 1569748
X 1746187  Y 1572710
X 1713582  Y 1559699
X 1713562  Y 1563359
X 1709667  Y 1563430
X 1701650  Y 1556980
X 1694554  Y 1568098
X 1678231  Y 1562894
X 1669478  Y 1576141
X 1664763  Y 1557203
X 1652777  Y 1558414
X 1652417  Y 1571037
X 1651602  Y 1581174
X 1641310  Y 1557942
X 1638353  Y 1563789
X 1638243  Y 1574188
X 1637337  Y 1556839
X 1633017  Y 1575892
X 1625519  Y 1571234
X 1621088  Y 1579641
X 1618696  Y 1557332
X 1618248  Y 1569643
X 1613807  Y 1562493
X 1606948  Y 1565753
X 1605998  Y 1559913
X 1585529  Y 1582254
X 1594390  Y 1582140
X 1598935  Y 1583731
X 1613817  Y 1583276
X 1639151  Y 1584980
X 1652390  Y 1597907
X 1653286  Y 1589700
X 1658360  Y 1599797
X 1658597  Y 1590335
X 1992187  Y 1584732
X 2010141  Y 1585248
X 2014054  Y 1583786

Drill: .01969  Tool: 2  Feed: 95  Speed: 300
X 1798429  Y 1419715
X 1798435  Y 1433420
X 1830993  Y 1441515
X 1868169  Y 1441520
X 1971920  Y 1527153
X 1971920  Y 1539848
X 1893353  Y 1529208
X 1893329  Y 1517045

Drill: .03937  Tool: 3  Feed: 197  Speed: 550
X 1723936  Y 1407702
X 1733785  Y 1407702
X 1744349  Y 1407702
X 1753543  Y 1407702
X 1952779  Y 1459022
X 1952779  Y 1466896
X 1961440  Y 1459022
X 1961440  Y 1466896
X 1961440  Y 1474770
X 1961440  Y 1482644
X 1961440  Y 1490518
X 1961440  Y 1498392
X 1961440  Y 1506266
X 1961440  Y 1514140
X 1952779  Y 1514140
X 1952779  Y 1506266

Drill: .04  Tool: 4  Feed: 139  Speed: 550
X 1713664  Y 1395606
X 1713664  Y 1385606
X 1723664  Y 1395606
X 1723664  Y 1385606
X 1733664  Y 1395606
X 1733664  Y 1385606
X 1743664  Y 1395606
X 1743664  Y 1385606
X 1753664  Y 1395606
X 1753664  Y 1385606
X 1763664  Y 1395606
X 1763664  Y 1385606
X 1773664  Y 1395606
X 1773664  Y 1385606
X 1783664  Y 1395606
X 1783664  Y 1385606
X 1803635  Y 1395605
X 1803635  Y 1385605
X 1813635  Y 1395605
X 1813635  Y 1385605
X 1823635  Y 1395605
X 1823635  Y 1385605
X 1833635  Y 1395605
X 1833635  Y 1385605
X 1843635  Y 1395605
X 1843635  Y 1385605
X 1853635  Y 1395605
X 1853635  Y 1385605
X 1863635  Y 1395605
X 1863635  Y 1385605
X 1873635  Y 1395605
X 1873635  Y 1385605
X 1853619  Y 1585591
X 1853619  Y 1595591
X 1843619  Y 1585591
X 1843619  Y 1595591
X 1833619  Y 1585591
X 1833619  Y 1595591
X 1823619  Y 1585591
X 1823619  Y 1595591
X 1813619  Y 1585591
X 1813619  Y 1595591
X 1803619  Y 1585591
X 1803619  Y 1595591
X 1793619  Y 1585591
X 1793619  Y 1595591
X 1783619  Y 1585591
X 1783619  Y 1595591

Drill: .04331  Tool: 5  Feed: 139  Speed: 550
X 1893652  Y 1395620
X 1893652  Y 1385620
X 1903652  Y 1395620
X 1903652  Y 1385620
X 1913652  Y 1395620
X 1913652  Y 1385620
X 1923652  Y 1395620
X 1923652  Y 1385620
X 1933652  Y 1395620
X 1933652  Y 1385620
X 1943652  Y 1395620
X 1943652  Y 1385620
X 1953652  Y 1395620
X 1953652  Y 1385620
X 1963652  Y 1395620
X 1963652  Y 1385620
X 1973652  Y 1395620
X 1973652  Y 1385620
X 1983652  Y 1395620
X 1983652  Y 1385620
X 1963650  Y 1585602
X 1963650  Y 1595602
X 1953650  Y 1585602
X 1953650  Y 1595602
X 1943650  Y 1585602
X 1943650  Y 1595602
X 1933650  Y 1585602
X 1933650  Y 1595602
X 1923650  Y 1585602
X 1923650  Y 1595602
X 1913650  Y 1585602
X 1913650  Y 1595602
X 1903650  Y 1585602
X 1903650  Y 1595602
X 1893650  Y 1585602
X 1893650  Y 1595602
X 1883650  Y 1585602
X 1883650  Y 1595602
X 1873650  Y 1585602
X 1873650  Y 1595602
X 1767662  Y 1585615
X 1767662  Y 1595615
X 1757662  Y 1585615
X 1757662  Y 1595615
X 1747662  Y 1585615
X 1747662  Y 1595615
X 1737662  Y 1585615
X 1737662  Y 1595615
X 1727662  Y 1585615
X 1727662  Y 1595615
X 1717662  Y 1585615
X 1717662  Y 1595615
X 1707662  Y 1585615
X 1707662  Y 1595615
X 1697662  Y 1585615
X 1697662  Y 1595615
X 1687662  Y 1585615
X 1687662  Y 1595615
X 1677662  Y 1585615
X 1677662  Y 1595615

Drill: .07087  Tool: 6  Feed: 81  Speed: 550
X 1586537  Y 1442358
X 1586537  Y 1462437
X 1596328  Y 1452312
X 1606616  Y 1462437
X 1606616  Y 1442358
X 1606616  Y 1553121
X 1606616  Y 1573200
X 1596328  Y 1563075
X 1586537  Y 1553121
X 1586537  Y 1573200

End of Listing
